TN:
SF:/Users/samanthasterns/alchemy/career-track-one/lab5/lib/app.js
FN:7,(anonymous_0)
FN:10,(anonymous_1)
FN:13,(anonymous_2)
FN:16,(anonymous_3)
FN:19,(anonymous_4)
FN:22,(anonymous_5)
FN:25,(anonymous_6)
FN:30,(anonymous_7)
FN:33,(anonymous_8)
FN:36,(anonymous_9)
FNF:10
FNH:2
FNDA:0,(anonymous_0)
FNDA:0,(anonymous_1)
FNDA:1,(anonymous_2)
FNDA:1,(anonymous_3)
FNDA:0,(anonymous_4)
FNDA:0,(anonymous_5)
FNDA:0,(anonymous_6)
FNDA:0,(anonymous_7)
FNDA:0,(anonymous_8)
FNDA:0,(anonymous_9)
DA:1,1
DA:2,1
DA:3,1
DA:5,1
DA:7,1
DA:8,0
DA:10,0
DA:13,1
DA:14,1
DA:16,1
DA:19,1
DA:20,0
DA:22,0
DA:25,1
DA:26,0
DA:30,0
DA:33,1
DA:34,0
DA:36,0
DA:39,1
LF:20
LH:12
BRF:0
BRH:0
end_of_record
TN:
SF:/Users/samanthasterns/alchemy/career-track-one/lab5/lib/models/Car.js
FNF:0
FNH:0
DA:1,2
DA:3,2
DA:20,2
LF:3
LH:3
BRF:0
BRH:0
end_of_record
TN:
SF:/Users/samanthasterns/alchemy/career-track-one/lab5/lib/utils/connect.js
FN:3,connect
FN:9,(anonymous_1)
FN:13,(anonymous_2)
FNF:3
FNH:3
FNDA:1,connect
FNDA:1,(anonymous_1)
FNDA:1,(anonymous_2)
DA:1,1
DA:4,1
DA:9,1
DA:10,1
DA:13,1
DA:14,1
DA:18,1
LF:7
LH:7
BRF:0
BRH:0
end_of_record
