TN:
SF:/Users/samanthasterns/alchemy/career-track-one/lab5/lib/app.js
FN:7,(anonymous_0)
FN:15,(anonymous_1)
FN:20,(anonymous_2)
FN:23,(anonymous_3)
FN:24,(anonymous_4)
FNF:5
FNH:2
FNDA:0,(anonymous_0)
FNDA:0,(anonymous_1)
FNDA:1,(anonymous_2)
FNDA:1,(anonymous_3)
FNDA:0,(anonymous_4)
DA:1,1
DA:2,1
DA:3,1
DA:5,1
DA:7,1
DA:12,0
DA:14,0
DA:16,0
DA:20,1
DA:21,1
DA:23,1
DA:24,0
DA:28,1
LF:13
LH:9
BRF:0
BRH:0
end_of_record
TN:
SF:/Users/samanthasterns/alchemy/career-track-one/lab5/lib/models/Car.js
FNF:0
FNH:0
DA:1,2
DA:3,2
DA:20,2
LF:3
LH:3
BRF:0
BRH:0
end_of_record
TN:
SF:/Users/samanthasterns/alchemy/career-track-one/lab5/lib/utils/connect.js
FN:3,connect
FN:9,(anonymous_1)
FN:13,(anonymous_2)
FNF:3
FNH:3
FNDA:1,connect
FNDA:1,(anonymous_1)
FNDA:1,(anonymous_2)
DA:1,1
DA:4,1
DA:9,1
DA:10,1
DA:13,1
DA:14,1
DA:18,1
LF:7
LH:7
BRF:0
BRH:0
end_of_record
